<?xml version="1.0" encoding="UTF-8"?>
<testsuite xmlns:xsi="http://www.w3.org/2001/XMLSchema-instance" xsi:noNamespaceSchemaLocation="https://maven.apache.org/surefire/maven-surefire-plugin/xsd/surefire-test-report.xsd" name="com.miaosha.AppTest" time="0.037" tests="1" errors="0" skipped="0" failures="0">
  <properties>
    <property name="sun.desktop" value="windows"/>
    <property name="awt.toolkit" value="sun.awt.windows.WToolkit"/>
    <property name="file.encoding.pkg" value="sun.io"/>
    <property name="java.specification.version" value="1.8"/>
    <property name="sun.cpu.isalist" value="amd64"/>
    <property name="sun.jnu.encoding" value="GBK"/>
    <property name="java.class.path" value="D:\spring-project\MyProject\target\test-classes;D:\spring-project\MyProject\target\classes;D:\Software\MyRepository\MavenRepository\mysql\mysql-connector-java\8.0.15\mysql-connector-java-8.0.15.jar;D:\Software\MyRepository\MavenRepository\com\google\protobuf\protobuf-java\3.6.1\protobuf-java-3.6.1.jar;D:\Software\MyRepository\MavenRepository\com\alibaba\druid\1.1.3\druid-1.1.3.jar;D:\Software\JDK8\jre\..\lib\jconsole.jar;D:\Software\JDK8\jre\..\lib\tools.jar;D:\Software\MyRepository\MavenRepository\org\mybatis\spring\boot\mybatis-spring-boot-starter\2.1.4\mybatis-spring-boot-starter-2.1.4.jar;D:\Software\MyRepository\MavenRepository\org\springframework\boot\spring-boot-starter\2.0.5.RELEASE\spring-boot-starter-2.0.5.RELEASE.jar;D:\Software\MyRepository\MavenRepository\org\springframework\boot\spring-boot\2.0.5.RELEASE\spring-boot-2.0.5.RELEASE.jar;D:\Software\MyRepository\MavenRepository\org\springframework\boot\spring-boot-autoconfigure\2.0.5.RELEASE\spring-boot-autoconfigure-2.0.5.RELEASE.jar;D:\Software\MyRepository\MavenRepository\org\springframework\boot\spring-boot-starter-logging\2.0.5.RELEASE\spring-boot-starter-logging-2.0.5.RELEASE.jar;D:\Software\MyRepository\MavenRepository\ch\qos\logback\logback-classic\1.2.3\logback-classic-1.2.3.jar;D:\Software\MyRepository\MavenRepository\ch\qos\logback\logback-core\1.2.3\logback-core-1.2.3.jar;D:\Software\MyRepository\MavenRepository\org\apache\logging\log4j\log4j-to-slf4j\2.10.0\log4j-to-slf4j-2.10.0.jar;D:\Software\MyRepository\MavenRepository\org\apache\logging\log4j\log4j-api\2.10.0\log4j-api-2.10.0.jar;D:\Software\MyRepository\MavenRepository\org\slf4j\jul-to-slf4j\1.7.25\jul-to-slf4j-1.7.25.jar;D:\Software\MyRepository\MavenRepository\javax\annotation\javax.annotation-api\1.3.2\javax.annotation-api-1.3.2.jar;D:\Software\MyRepository\MavenRepository\org\springframework\spring-core\5.0.9.RELEASE\spring-core-5.0.9.RELEASE.jar;D:\Software\MyRepository\MavenRepository\org\yaml\snakeyaml\1.19\snakeyaml-1.19.jar;D:\Software\MyRepository\MavenRepository\org\springframework\boot\spring-boot-starter-jdbc\2.0.5.RELEASE\spring-boot-starter-jdbc-2.0.5.RELEASE.jar;D:\Software\MyRepository\MavenRepository\com\zaxxer\HikariCP\2.7.9\HikariCP-2.7.9.jar;D:\Software\MyRepository\MavenRepository\org\springframework\spring-jdbc\5.0.9.RELEASE\spring-jdbc-5.0.9.RELEASE.jar;D:\Software\MyRepository\MavenRepository\org\mybatis\spring\boot\mybatis-spring-boot-autoconfigure\2.1.4\mybatis-spring-boot-autoconfigure-2.1.4.jar;D:\Software\MyRepository\MavenRepository\org\mybatis\mybatis\3.5.6\mybatis-3.5.6.jar;D:\Software\MyRepository\MavenRepository\org\mybatis\mybatis-spring\2.0.6\mybatis-spring-2.0.6.jar;D:\Software\MyRepository\MavenRepository\com\google\guava\guava\16.0.1\guava-16.0.1.jar;D:\Software\MyRepository\MavenRepository\org\springframework\boot\spring-boot-starter-data-redis\2.0.5.RELEASE\spring-boot-starter-data-redis-2.0.5.RELEASE.jar;D:\Software\MyRepository\MavenRepository\org\springframework\data\spring-data-redis\2.0.10.RELEASE\spring-data-redis-2.0.10.RELEASE.jar;D:\Software\MyRepository\MavenRepository\org\springframework\data\spring-data-keyvalue\2.0.10.RELEASE\spring-data-keyvalue-2.0.10.RELEASE.jar;D:\Software\MyRepository\MavenRepository\org\springframework\data\spring-data-commons\2.0.10.RELEASE\spring-data-commons-2.0.10.RELEASE.jar;D:\Software\MyRepository\MavenRepository\org\springframework\spring-tx\5.0.9.RELEASE\spring-tx-5.0.9.RELEASE.jar;D:\Software\MyRepository\MavenRepository\org\springframework\spring-oxm\5.0.9.RELEASE\spring-oxm-5.0.9.RELEASE.jar;D:\Software\MyRepository\MavenRepository\org\springframework\spring-aop\5.0.9.RELEASE\spring-aop-5.0.9.RELEASE.jar;D:\Software\MyRepository\MavenRepository\org\springframework\spring-context-support\5.0.9.RELEASE\spring-context-support-5.0.9.RELEASE.jar;D:\Software\MyRepository\MavenRepository\org\slf4j\slf4j-api\1.7.25\slf4j-api-1.7.25.jar;D:\Software\MyRepository\MavenRepository\io\lettuce\lettuce-core\5.0.5.RELEASE\lettuce-core-5.0.5.RELEASE.jar;D:\Software\MyRepository\MavenRepository\io\projectreactor\reactor-core\3.1.9.RELEASE\reactor-core-3.1.9.RELEASE.jar;D:\Software\MyRepository\MavenRepository\org\reactivestreams\reactive-streams\1.0.2\reactive-streams-1.0.2.jar;D:\Software\MyRepository\MavenRepository\io\netty\netty-common\4.1.29.Final\netty-common-4.1.29.Final.jar;D:\Software\MyRepository\MavenRepository\io\netty\netty-transport\4.1.29.Final\netty-transport-4.1.29.Final.jar;D:\Software\MyRepository\MavenRepository\io\netty\netty-buffer\4.1.29.Final\netty-buffer-4.1.29.Final.jar;D:\Software\MyRepository\MavenRepository\io\netty\netty-resolver\4.1.29.Final\netty-resolver-4.1.29.Final.jar;D:\Software\MyRepository\MavenRepository\io\netty\netty-handler\4.1.29.Final\netty-handler-4.1.29.Final.jar;D:\Software\MyRepository\MavenRepository\io\netty\netty-codec\4.1.29.Final\netty-codec-4.1.29.Final.jar;D:\Software\MyRepository\MavenRepository\org\springframework\session\spring-session-data-redis\2.0.5.RELEASE\spring-session-data-redis-2.0.5.RELEASE.jar;D:\Software\MyRepository\MavenRepository\org\springframework\session\spring-session-core\2.0.6.RELEASE\spring-session-core-2.0.6.RELEASE.jar;D:\Software\MyRepository\MavenRepository\org\springframework\spring-jcl\5.0.9.RELEASE\spring-jcl-5.0.9.RELEASE.jar;D:\Software\MyRepository\MavenRepository\org\apache\rocketmq\rocketmq-client\4.3.2\rocketmq-client-4.3.2.jar;D:\Software\MyRepository\MavenRepository\org\apache\rocketmq\rocketmq-common\4.3.2\rocketmq-common-4.3.2.jar;D:\Software\MyRepository\MavenRepository\org\apache\rocketmq\rocketmq-remoting\4.3.2\rocketmq-remoting-4.3.2.jar;D:\Software\MyRepository\MavenRepository\com\alibaba\fastjson\1.2.51\fastjson-1.2.51.jar;D:\Software\MyRepository\MavenRepository\io\netty\netty-all\4.1.29.Final\netty-all-4.1.29.Final.jar;D:\Software\MyRepository\MavenRepository\org\apache\rocketmq\rocketmq-logging\4.3.2\rocketmq-logging-4.3.2.jar;D:\Software\MyRepository\MavenRepository\io\netty\netty-tcnative-boringssl-static\1.1.33.Fork26\netty-tcnative-boringssl-static-1.1.33.Fork26.jar;D:\Software\MyRepository\MavenRepository\org\springframework\boot\spring-boot-starter-web\2.0.5.RELEASE\spring-boot-starter-web-2.0.5.RELEASE.jar;D:\Software\MyRepository\MavenRepository\org\springframework\boot\spring-boot-starter-json\2.0.5.RELEASE\spring-boot-starter-json-2.0.5.RELEASE.jar;D:\Software\MyRepository\MavenRepository\com\fasterxml\jackson\core\jackson-databind\2.9.6\jackson-databind-2.9.6.jar;D:\Software\MyRepository\MavenRepository\com\fasterxml\jackson\core\jackson-annotations\2.9.0\jackson-annotations-2.9.0.jar;D:\Software\MyRepository\MavenRepository\com\fasterxml\jackson\core\jackson-core\2.9.6\jackson-core-2.9.6.jar;D:\Software\MyRepository\MavenRepository\com\fasterxml\jackson\datatype\jackson-datatype-jdk8\2.9.6\jackson-datatype-jdk8-2.9.6.jar;D:\Software\MyRepository\MavenRepository\com\fasterxml\jackson\datatype\jackson-datatype-jsr310\2.9.6\jackson-datatype-jsr310-2.9.6.jar;D:\Software\MyRepository\MavenRepository\com\fasterxml\jackson\module\jackson-module-parameter-names\2.9.6\jackson-module-parameter-names-2.9.6.jar;D:\Software\MyRepository\MavenRepository\org\springframework\boot\spring-boot-starter-tomcat\2.0.5.RELEASE\spring-boot-starter-tomcat-2.0.5.RELEASE.jar;D:\Software\MyRepository\MavenRepository\org\apache\tomcat\embed\tomcat-embed-core\8.5.34\tomcat-embed-core-8.5.34.jar;D:\Software\MyRepository\MavenRepository\org\apache\tomcat\embed\tomcat-embed-el\8.5.34\tomcat-embed-el-8.5.34.jar;D:\Software\MyRepository\MavenRepository\org\apache\tomcat\embed\tomcat-embed-websocket\8.5.34\tomcat-embed-websocket-8.5.34.jar;D:\Software\MyRepository\MavenRepository\org\springframework\spring-web\5.0.9.RELEASE\spring-web-5.0.9.RELEASE.jar;D:\Software\MyRepository\MavenRepository\org\springframework\spring-beans\5.0.9.RELEASE\spring-beans-5.0.9.RELEASE.jar;D:\Software\MyRepository\MavenRepository\org\springframework\spring-webmvc\5.0.9.RELEASE\spring-webmvc-5.0.9.RELEASE.jar;D:\Software\MyRepository\MavenRepository\org\springframework\spring-context\5.0.9.RELEASE\spring-context-5.0.9.RELEASE.jar;D:\Software\MyRepository\MavenRepository\org\springframework\spring-expression\5.0.9.RELEASE\spring-expression-5.0.9.RELEASE.jar;D:\Software\MyRepository\MavenRepository\org\projectlombok\lombok\1.16.20\lombok-1.16.20.jar;D:\Software\MyRepository\MavenRepository\org\hibernate\validator\hibernate-validator\6.0.12.Final\hibernate-validator-6.0.12.Final.jar;D:\Software\MyRepository\MavenRepository\javax\validation\validation-api\2.0.1.Final\validation-api-2.0.1.Final.jar;D:\Software\MyRepository\MavenRepository\org\jboss\logging\jboss-logging\3.3.2.Final\jboss-logging-3.3.2.Final.jar;D:\Software\MyRepository\MavenRepository\com\fasterxml\classmate\1.3.4\classmate-1.3.4.jar;D:\Software\MyRepository\MavenRepository\org\apache\commons\commons-lang3\3.7\commons-lang3-3.7.jar;D:\Software\MyRepository\MavenRepository\junit\junit\4.11\junit-4.11.jar;D:\Software\MyRepository\MavenRepository\org\hamcrest\hamcrest-core\1.3\hamcrest-core-1.3.jar;D:\Software\MyRepository\MavenRepository\joda-time\joda-time\2.9.1\joda-time-2.9.1.jar;"/>
    <property name="java.vm.vendor" value="Oracle Corporation"/>
    <property name="sun.arch.data.model" value="64"/>
    <property name="user.variant" value=""/>
    <property name="java.vendor.url" value="http://java.oracle.com/"/>
    <property name="user.timezone" value="Asia/Shanghai"/>
    <property name="java.vm.specification.version" value="1.8"/>
    <property name="os.name" value="Windows 10"/>
    <property name="user.country" value="CN"/>
    <property name="sun.java.launcher" value="SUN_STANDARD"/>
    <property name="sun.boot.library.path" value="D:\Software\JDK8\jre\bin"/>
    <property name="sun.java.command" value="C:\Users\ADMINI~1\AppData\Local\Temp\surefire648102437955468861\surefirebooter4956224575380497806.jar C:\Users\Administrator\AppData\Local\Temp\surefire648102437955468861 2021-03-13T20-38-45_803-jvmRun1 surefire4929158140232127293tmp surefire_0581412399988717238tmp"/>
    <property name="surefire.test.class.path" value="D:\spring-project\MyProject\target\test-classes;D:\spring-project\MyProject\target\classes;D:\Software\MyRepository\MavenRepository\mysql\mysql-connector-java\8.0.15\mysql-connector-java-8.0.15.jar;D:\Software\MyRepository\MavenRepository\com\google\protobuf\protobuf-java\3.6.1\protobuf-java-3.6.1.jar;D:\Software\MyRepository\MavenRepository\com\alibaba\druid\1.1.3\druid-1.1.3.jar;D:\Software\JDK8\jre\..\lib\jconsole.jar;D:\Software\JDK8\jre\..\lib\tools.jar;D:\Software\MyRepository\MavenRepository\org\mybatis\spring\boot\mybatis-spring-boot-starter\2.1.4\mybatis-spring-boot-starter-2.1.4.jar;D:\Software\MyRepository\MavenRepository\org\springframework\boot\spring-boot-starter\2.0.5.RELEASE\spring-boot-starter-2.0.5.RELEASE.jar;D:\Software\MyRepository\MavenRepository\org\springframework\boot\spring-boot\2.0.5.RELEASE\spring-boot-2.0.5.RELEASE.jar;D:\Software\MyRepository\MavenRepository\org\springframework\boot\spring-boot-autoconfigure\2.0.5.RELEASE\spring-boot-autoconfigure-2.0.5.RELEASE.jar;D:\Software\MyRepository\MavenRepository\org\springframework\boot\spring-boot-starter-logging\2.0.5.RELEASE\spring-boot-starter-logging-2.0.5.RELEASE.jar;D:\Software\MyRepository\MavenRepository\ch\qos\logback\logback-classic\1.2.3\logback-classic-1.2.3.jar;D:\Software\MyRepository\MavenRepository\ch\qos\logback\logback-core\1.2.3\logback-core-1.2.3.jar;D:\Software\MyRepository\MavenRepository\org\apache\logging\log4j\log4j-to-slf4j\2.10.0\log4j-to-slf4j-2.10.0.jar;D:\Software\MyRepository\MavenRepository\org\apache\logging\log4j\log4j-api\2.10.0\log4j-api-2.10.0.jar;D:\Software\MyRepository\MavenRepository\org\slf4j\jul-to-slf4j\1.7.25\jul-to-slf4j-1.7.25.jar;D:\Software\MyRepository\MavenRepository\javax\annotation\javax.annotation-api\1.3.2\javax.annotation-api-1.3.2.jar;D:\Software\MyRepository\MavenRepository\org\springframework\spring-core\5.0.9.RELEASE\spring-core-5.0.9.RELEASE.jar;D:\Software\MyRepository\MavenRepository\org\yaml\snakeyaml\1.19\snakeyaml-1.19.jar;D:\Software\MyRepository\MavenRepository\org\springframework\boot\spring-boot-starter-jdbc\2.0.5.RELEASE\spring-boot-starter-jdbc-2.0.5.RELEASE.jar;D:\Software\MyRepository\MavenRepository\com\zaxxer\HikariCP\2.7.9\HikariCP-2.7.9.jar;D:\Software\MyRepository\MavenRepository\org\springframework\spring-jdbc\5.0.9.RELEASE\spring-jdbc-5.0.9.RELEASE.jar;D:\Software\MyRepository\MavenRepository\org\mybatis\spring\boot\mybatis-spring-boot-autoconfigure\2.1.4\mybatis-spring-boot-autoconfigure-2.1.4.jar;D:\Software\MyRepository\MavenRepository\org\mybatis\mybatis\3.5.6\mybatis-3.5.6.jar;D:\Software\MyRepository\MavenRepository\org\mybatis\mybatis-spring\2.0.6\mybatis-spring-2.0.6.jar;D:\Software\MyRepository\MavenRepository\com\google\guava\guava\16.0.1\guava-16.0.1.jar;D:\Software\MyRepository\MavenRepository\org\springframework\boot\spring-boot-starter-data-redis\2.0.5.RELEASE\spring-boot-starter-data-redis-2.0.5.RELEASE.jar;D:\Software\MyRepository\MavenRepository\org\springframework\data\spring-data-redis\2.0.10.RELEASE\spring-data-redis-2.0.10.RELEASE.jar;D:\Software\MyRepository\MavenRepository\org\springframework\data\spring-data-keyvalue\2.0.10.RELEASE\spring-data-keyvalue-2.0.10.RELEASE.jar;D:\Software\MyRepository\MavenRepository\org\springframework\data\spring-data-commons\2.0.10.RELEASE\spring-data-commons-2.0.10.RELEASE.jar;D:\Software\MyRepository\MavenRepository\org\springframework\spring-tx\5.0.9.RELEASE\spring-tx-5.0.9.RELEASE.jar;D:\Software\MyRepository\MavenRepository\org\springframework\spring-oxm\5.0.9.RELEASE\spring-oxm-5.0.9.RELEASE.jar;D:\Software\MyRepository\MavenRepository\org\springframework\spring-aop\5.0.9.RELEASE\spring-aop-5.0.9.RELEASE.jar;D:\Software\MyRepository\MavenRepository\org\springframework\spring-context-support\5.0.9.RELEASE\spring-context-support-5.0.9.RELEASE.jar;D:\Software\MyRepository\MavenRepository\org\slf4j\slf4j-api\1.7.25\slf4j-api-1.7.25.jar;D:\Software\MyRepository\MavenRepository\io\lettuce\lettuce-core\5.0.5.RELEASE\lettuce-core-5.0.5.RELEASE.jar;D:\Software\MyRepository\MavenRepository\io\projectreactor\reactor-core\3.1.9.RELEASE\reactor-core-3.1.9.RELEASE.jar;D:\Software\MyRepository\MavenRepository\org\reactivestreams\reactive-streams\1.0.2\reactive-streams-1.0.2.jar;D:\Software\MyRepository\MavenRepository\io\netty\netty-common\4.1.29.Final\netty-common-4.1.29.Final.jar;D:\Software\MyRepository\MavenRepository\io\netty\netty-transport\4.1.29.Final\netty-transport-4.1.29.Final.jar;D:\Software\MyRepository\MavenRepository\io\netty\netty-buffer\4.1.29.Final\netty-buffer-4.1.29.Final.jar;D:\Software\MyRepository\MavenRepository\io\netty\netty-resolver\4.1.29.Final\netty-resolver-4.1.29.Final.jar;D:\Software\MyRepository\MavenRepository\io\netty\netty-handler\4.1.29.Final\netty-handler-4.1.29.Final.jar;D:\Software\MyRepository\MavenRepository\io\netty\netty-codec\4.1.29.Final\netty-codec-4.1.29.Final.jar;D:\Software\MyRepository\MavenRepository\org\springframework\session\spring-session-data-redis\2.0.5.RELEASE\spring-session-data-redis-2.0.5.RELEASE.jar;D:\Software\MyRepository\MavenRepository\org\springframework\session\spring-session-core\2.0.6.RELEASE\spring-session-core-2.0.6.RELEASE.jar;D:\Software\MyRepository\MavenRepository\org\springframework\spring-jcl\5.0.9.RELEASE\spring-jcl-5.0.9.RELEASE.jar;D:\Software\MyRepository\MavenRepository\org\apache\rocketmq\rocketmq-client\4.3.2\rocketmq-client-4.3.2.jar;D:\Software\MyRepository\MavenRepository\org\apache\rocketmq\rocketmq-common\4.3.2\rocketmq-common-4.3.2.jar;D:\Software\MyRepository\MavenRepository\org\apache\rocketmq\rocketmq-remoting\4.3.2\rocketmq-remoting-4.3.2.jar;D:\Software\MyRepository\MavenRepository\com\alibaba\fastjson\1.2.51\fastjson-1.2.51.jar;D:\Software\MyRepository\MavenRepository\io\netty\netty-all\4.1.29.Final\netty-all-4.1.29.Final.jar;D:\Software\MyRepository\MavenRepository\org\apache\rocketmq\rocketmq-logging\4.3.2\rocketmq-logging-4.3.2.jar;D:\Software\MyRepository\MavenRepository\io\netty\netty-tcnative-boringssl-static\1.1.33.Fork26\netty-tcnative-boringssl-static-1.1.33.Fork26.jar;D:\Software\MyRepository\MavenRepository\org\springframework\boot\spring-boot-starter-web\2.0.5.RELEASE\spring-boot-starter-web-2.0.5.RELEASE.jar;D:\Software\MyRepository\MavenRepository\org\springframework\boot\spring-boot-starter-json\2.0.5.RELEASE\spring-boot-starter-json-2.0.5.RELEASE.jar;D:\Software\MyRepository\MavenRepository\com\fasterxml\jackson\core\jackson-databind\2.9.6\jackson-databind-2.9.6.jar;D:\Software\MyRepository\MavenRepository\com\fasterxml\jackson\core\jackson-annotations\2.9.0\jackson-annotations-2.9.0.jar;D:\Software\MyRepository\MavenRepository\com\fasterxml\jackson\core\jackson-core\2.9.6\jackson-core-2.9.6.jar;D:\Software\MyRepository\MavenRepository\com\fasterxml\jackson\datatype\jackson-datatype-jdk8\2.9.6\jackson-datatype-jdk8-2.9.6.jar;D:\Software\MyRepository\MavenRepository\com\fasterxml\jackson\datatype\jackson-datatype-jsr310\2.9.6\jackson-datatype-jsr310-2.9.6.jar;D:\Software\MyRepository\MavenRepository\com\fasterxml\jackson\module\jackson-module-parameter-names\2.9.6\jackson-module-parameter-names-2.9.6.jar;D:\Software\MyRepository\MavenRepository\org\springframework\boot\spring-boot-starter-tomcat\2.0.5.RELEASE\spring-boot-starter-tomcat-2.0.5.RELEASE.jar;D:\Software\MyRepository\MavenRepository\org\apache\tomcat\embed\tomcat-embed-core\8.5.34\tomcat-embed-core-8.5.34.jar;D:\Software\MyRepository\MavenRepository\org\apache\tomcat\embed\tomcat-embed-el\8.5.34\tomcat-embed-el-8.5.34.jar;D:\Software\MyRepository\MavenRepository\org\apache\tomcat\embed\tomcat-embed-websocket\8.5.34\tomcat-embed-websocket-8.5.34.jar;D:\Software\MyRepository\MavenRepository\org\springframework\spring-web\5.0.9.RELEASE\spring-web-5.0.9.RELEASE.jar;D:\Software\MyRepository\MavenRepository\org\springframework\spring-beans\5.0.9.RELEASE\spring-beans-5.0.9.RELEASE.jar;D:\Software\MyRepository\MavenRepository\org\springframework\spring-webmvc\5.0.9.RELEASE\spring-webmvc-5.0.9.RELEASE.jar;D:\Software\MyRepository\MavenRepository\org\springframework\spring-context\5.0.9.RELEASE\spring-context-5.0.9.RELEASE.jar;D:\Software\MyRepository\MavenRepository\org\springframework\spring-expression\5.0.9.RELEASE\spring-expression-5.0.9.RELEASE.jar;D:\Software\MyRepository\MavenRepository\org\projectlombok\lombok\1.16.20\lombok-1.16.20.jar;D:\Software\MyRepository\MavenRepository\org\hibernate\validator\hibernate-validator\6.0.12.Final\hibernate-validator-6.0.12.Final.jar;D:\Software\MyRepository\MavenRepository\javax\validation\validation-api\2.0.1.Final\validation-api-2.0.1.Final.jar;D:\Software\MyRepository\MavenRepository\org\jboss\logging\jboss-logging\3.3.2.Final\jboss-logging-3.3.2.Final.jar;D:\Software\MyRepository\MavenRepository\com\fasterxml\classmate\1.3.4\classmate-1.3.4.jar;D:\Software\MyRepository\MavenRepository\org\apache\commons\commons-lang3\3.7\commons-lang3-3.7.jar;D:\Software\MyRepository\MavenRepository\junit\junit\4.11\junit-4.11.jar;D:\Software\MyRepository\MavenRepository\org\hamcrest\hamcrest-core\1.3\hamcrest-core-1.3.jar;D:\Software\MyRepository\MavenRepository\joda-time\joda-time\2.9.1\joda-time-2.9.1.jar;"/>
    <property name="sun.cpu.endian" value="little"/>
    <property name="user.home" value="C:\Users\Administrator"/>
    <property name="user.language" value="zh"/>
    <property name="java.specification.vendor" value="Oracle Corporation"/>
    <property name="java.home" value="D:\Software\JDK8\jre"/>
    <property name="basedir" value="D:\spring-project\MyProject"/>
    <property name="file.separator" value="\"/>
    <property name="line.separator" value="&#10;"/>
    <property name="java.vm.specification.vendor" value="Oracle Corporation"/>
    <property name="java.specification.name" value="Java Platform API Specification"/>
    <property name="java.awt.graphicsenv" value="sun.awt.Win32GraphicsEnvironment"/>
    <property name="surefire.real.class.path" value="C:\Users\ADMINI~1\AppData\Local\Temp\surefire648102437955468861\surefirebooter4956224575380497806.jar"/>
    <property name="sun.boot.class.path" value="D:\Software\JDK8\jre\lib\resources.jar;D:\Software\JDK8\jre\lib\rt.jar;D:\Software\JDK8\jre\lib\sunrsasign.jar;D:\Software\JDK8\jre\lib\jsse.jar;D:\Software\JDK8\jre\lib\jce.jar;D:\Software\JDK8\jre\lib\charsets.jar;D:\Software\JDK8\jre\lib\jfr.jar;D:\Software\JDK8\jre\classes"/>
    <property name="user.script" value=""/>
    <property name="sun.management.compiler" value="HotSpot 64-Bit Tiered Compilers"/>
    <property name="java.runtime.version" value="1.8.0_211-b12"/>
    <property name="user.name" value="Administrator"/>
    <property name="path.separator" value=";"/>
    <property name="os.version" value="10.0"/>
    <property name="java.endorsed.dirs" value="D:\Software\JDK8\jre\lib\endorsed"/>
    <property name="java.runtime.name" value="Java(TM) SE Runtime Environment"/>
    <property name="file.encoding" value="GBK"/>
    <property name="java.vm.name" value="Java HotSpot(TM) 64-Bit Server VM"/>
    <property name="localRepository" value="D:\Software\MyRepository\MavenRepository"/>
    <property name="java.vendor.url.bug" value="http://bugreport.sun.com/bugreport/"/>
    <property name="java.io.tmpdir" value="C:\Users\ADMINI~1\AppData\Local\Temp\"/>
    <property name="idea.version" value="2020.3"/>
    <property name="java.version" value="1.8.0_211"/>
    <property name="user.dir" value="D:\spring-project\MyProject"/>
    <property name="os.arch" value="amd64"/>
    <property name="java.vm.specification.name" value="Java Virtual Machine Specification"/>
    <property name="java.awt.printerjob" value="sun.awt.windows.WPrinterJob"/>
    <property name="sun.os.patch.level" value=""/>
    <property name="java.library.path" value="D:\Software\JDK8\jre\bin;C:\WINDOWS\Sun\Java\bin;C:\WINDOWS\system32;C:\WINDOWS;&quot;D:\Software\JDK8\bin;D:\Software\JDK8\jre\bin&quot;;C:\Program Files (x86)\Common Files\Oracle\Java\javapath;C:\WINDOWS\system32;C:\WINDOWS;C:\WINDOWS\System32\Wbem;C:\WINDOWS\System32\WindowsPowerShell\v1.0\;C:\WINDOWS\System32\OpenSSH\;D:\Software\Matlab\runtime\win64;D:\Software\Matlab\bin;D:\Software\Programming\bin;C:\Program Files (x86)\NVIDIA Corporation\PhysX\Common;C:\WINDOWS\system32;C:\WINDOWS;C:\WINDOWS\System32\Wbem;C:\WINDOWS\System32\WindowsPowerShell\v1.0\;C:\WINDOWS\System32\OpenSSH\;D:\Software\texlive\texlive\2020\bin\win32;D:\Software\CTEX\WinEdt;D:\Software\Maven\apache-maven-3.6.3\bin;D:\Software\CTEX\UserData\miktex\bin;D:\Software\CTEX\MiKTeX\miktex\bin;D:\Software\CTEX\CTeX\ctex\bin;D:\Software\CTEX\CTeX\cct\bin;D:\Software\CTEX\CTeX\ty\bin;D:\Software\CTEX\Ghostscript\gs9.05\bin;D:\Software\CTEX\GSview\gsview;D:\Software\JDK8\bin;D:\Software\Anaconda;D:\Software\Anaconda\Library\mingw-w64\bin;D:\Software\Anaconda\Library\usr\bin;D:\Software\Anaconda\Library\bin;D:\Software\Anaconda\Scripts;D:\Software\Python\Scripts\;D:\Software\Python\;C:\Users\Administrator\AppData\Local\Microsoft\WindowsApps;D:\Software\texlive\texlive\2020\bin\win32;&quot;D:\Software\JDK8\bin;D:\Software\JDK8\jre\bin&quot;;;."/>
    <property name="java.vm.info" value="mixed mode"/>
    <property name="java.vendor" value="Oracle Corporation"/>
    <property name="java.vm.version" value="25.211-b12"/>
    <property name="java.ext.dirs" value="D:\Software\JDK8\jre\lib\ext;C:\WINDOWS\Sun\Java\lib\ext"/>
    <property name="sun.io.unicode.encoding" value="UnicodeLittle"/>
    <property name="maven.repo.local" value="D:\Software\MyRepository\MavenRepository"/>
    <property name="java.class.version" value="52.0"/>
  </properties>
  <testcase name="shouldAnswerWithTrue" classname="com.miaosha.AppTest" time="0.001"/>
</testsuite>